<?xml version="1.0" encoding="UTF-8"?>
<testng-results ignored="0" total="2" passed="2" failed="0" skipped="0">
  <reporter-output>
  </reporter-output>
  <suite started-at="2024-01-21T16:06:21 IST" name="Default suite" finished-at="2024-01-21T16:06:36 IST" duration-ms="14980">
    <groups>
      <group name="cucumber">
        <method signature="AbstractTestNGCucumberTests.runScenario(io.cucumber.testng.PickleWrapper,io.cucumber.testng.FeatureWrapper)[pri:0, instance:runner.Runner@792b749c]" name="runScenario" class="io.cucumber.testng.AbstractTestNGCucumberTests"/>
      </group> <!-- cucumber -->
    </groups>
    <test started-at="2024-01-21T16:06:21 IST" name="Default test" finished-at="2024-01-21T16:06:36 IST" duration-ms="14980">
      <class name="runner.Runner">
        <test-method is-config="true" signature="setUpClass(org.testng.ITestContext)[pri:0, instance:runner.Runner@792b749c]" started-at="2024-01-21T16:06:21 IST" name="setUpClass" finished-at="2024-01-21T16:06:21 IST" duration-ms="382" status="PASS">
          <params>
            <param index="0">
              <value>
                <![CDATA[org.testng.TestRunner@4d27d9d]]>
              </value>
            </param>
          </params>
          <reporter-output>
          </reporter-output>
        </test-method> <!-- setUpClass -->
        <test-method signature="runScenario(io.cucumber.testng.PickleWrapper,io.cucumber.testng.FeatureWrapper)[pri:0, instance:runner.Runner@792b749c]" started-at="2024-01-21T16:06:21 IST" name="runScenario" description="Runs Cucumber Scenarios" data-provider="scenarios" finished-at="2024-01-21T16:06:29 IST" duration-ms="8087" status="PASS">
          <params>
            <param index="0">
              <value>
                <![CDATA["Login TestLeaf - Negative Scenario"]]>
              </value>
            </param>
            <param index="1">
              <value>
                <![CDATA["Login to TestLeaf Web Application"]]>
              </value>
            </param>
          </params>
          <reporter-output>
          </reporter-output>
        </test-method> <!-- runScenario -->
        <test-method signature="runScenario(io.cucumber.testng.PickleWrapper,io.cucumber.testng.FeatureWrapper)[pri:0, instance:runner.Runner@792b749c]" started-at="2024-01-21T16:06:29 IST" name="runScenario" description="Runs Cucumber Scenarios" data-provider="scenarios" finished-at="2024-01-21T16:06:36 IST" duration-ms="6440" status="PASS">
          <params>
            <param index="0">
              <value>
                <![CDATA["Login TestLeaf - Positive scenario"]]>
              </value>
            </param>
            <param index="1">
              <value>
                <![CDATA["Login to TestLeaf Web Application"]]>
              </value>
            </param>
          </params>
          <reporter-output>
          </reporter-output>
        </test-method> <!-- runScenario -->
        <test-method is-config="true" signature="tearDownClass()[pri:0, instance:runner.Runner@792b749c]" started-at="2024-01-21T16:06:36 IST" name="tearDownClass" finished-at="2024-01-21T16:06:36 IST" duration-ms="3" status="PASS">
          <reporter-output>
          </reporter-output>
        </test-method> <!-- tearDownClass -->
      </class> <!-- runner.Runner -->
    </test> <!-- Default test -->
  </suite> <!-- Default suite -->
</testng-results>
