<?xml version="1.0" encoding="UTF-8"?>
<!-- Generated by org.testng.reporters.JUnitXMLReporter -->
<testsuite ignored="0" hostname="DESKTOP-7IO1P8C" failures="0" tests="4" name="Test" time="56.201" errors="0" timestamp="2023-09-07T16:20:56 IST">
  <testcase classname="Test_NG_Frame_Work_1.SnapDeal" name="snapDeal" time="6.077"/>
  <testcase classname="Test_NG_Frame_Work_1.Amazon" name="amazon" time="14.1"/>
  <testcase classname="Test_NG_Frame_Work_1.Myntra" name="myntra" time="10.866"/>
  <testcase classname="Test_NG_Frame_Work_1.FlipKart" name="flipKart" time="10.415"/>
</testsuite> <!-- Test -->
