<?xml version="1.0" encoding="UTF-8"?>
<testng-results ignored="0" total="2" passed="2" failed="0" skipped="0">
  <reporter-output>
  </reporter-output>
  <suite started-at="2024-08-19T22:36:18 IST" name="Default suite" finished-at="2024-08-19T22:36:43 IST" duration-ms="25685">
    <groups>
      <group name="cucumber">
        <method signature="AbstractTestNGCucumberTests.runScenario(io.cucumber.testng.PickleWrapper,io.cucumber.testng.FeatureWrapper)[pri:0, instance:Runner.Runner@1caa0244]" name="runScenario" class="io.cucumber.testng.AbstractTestNGCucumberTests"/>
      </group> <!-- cucumber -->
    </groups>
    <test started-at="2024-08-19T22:36:18 IST" name="Default test" finished-at="2024-08-19T22:36:43 IST" duration-ms="25685">
      <class name="Runner.Runner">
        <test-method is-config="true" signature="setUpClass(org.testng.ITestContext)[pri:0, instance:Runner.Runner@1caa0244]" started-at="2024-08-19T22:36:18 IST" name="setUpClass" finished-at="2024-08-19T22:36:19 IST" duration-ms="1300" status="PASS">
          <params>
            <param index="0">
              <value>
                <![CDATA[org.testng.TestRunner@27755487]]>
              </value>
            </param>
          </params>
          <reporter-output>
          </reporter-output>
        </test-method> <!-- setUpClass -->
        <test-method signature="runScenario(io.cucumber.testng.PickleWrapper,io.cucumber.testng.FeatureWrapper)[pri:0, instance:Runner.Runner@1caa0244]" started-at="2024-08-19T22:36:19 IST" name="runScenario" description="Runs Cucumber Scenarios" data-provider="scenarios" finished-at="2024-08-19T22:36:33 IST" duration-ms="13826" status="PASS">
          <params>
            <param index="0">
              <value>
                <![CDATA["Positive Scenario"]]>
              </value>
            </param>
            <param index="1">
              <value>
                <![CDATA["Login to Leaf Tap Application"]]>
              </value>
            </param>
          </params>
          <reporter-output>
          </reporter-output>
        </test-method> <!-- runScenario -->
        <test-method signature="runScenario(io.cucumber.testng.PickleWrapper,io.cucumber.testng.FeatureWrapper)[pri:0, instance:Runner.Runner@1caa0244]" started-at="2024-08-19T22:36:33 IST" name="runScenario" description="Runs Cucumber Scenarios" data-provider="scenarios" finished-at="2024-08-19T22:36:41 IST" duration-ms="7643" status="PASS">
          <params>
            <param index="0">
              <value>
                <![CDATA["Positive Scenario"]]>
              </value>
            </param>
            <param index="1">
              <value>
                <![CDATA["Login to Leaf Tap Application"]]>
              </value>
            </param>
          </params>
          <reporter-output>
          </reporter-output>
        </test-method> <!-- runScenario -->
        <test-method is-config="true" signature="tearDownClass()[pri:0, instance:Runner.Runner@1caa0244]" started-at="2024-08-19T22:36:41 IST" name="tearDownClass" finished-at="2024-08-19T22:36:43 IST" duration-ms="2808" status="PASS">
          <reporter-output>
          </reporter-output>
        </test-method> <!-- tearDownClass -->
      </class> <!-- Runner.Runner -->
    </test> <!-- Default test -->
  </suite> <!-- Default suite -->
</testng-results>
