<?xml version="1.0" encoding="UTF-8"?>
<testng-results ignored="0" total="1" passed="1" failed="0" skipped="0">
  <reporter-output>
  </reporter-output>
  <suite started-at="2024-04-25T15:20:12 IST" name="Default suite" finished-at="2024-04-25T15:20:33 IST" duration-ms="21020">
    <groups>
      <group name="cucumber">
        <method signature="AbstractTestNGCucumberTests.runScenario(io.cucumber.testng.PickleWrapper,io.cucumber.testng.FeatureWrapper)[pri:0, instance:runner.runner1@235ecd9f]" name="runScenario" class="io.cucumber.testng.AbstractTestNGCucumberTests"/>
      </group> <!-- cucumber -->
    </groups>
    <test started-at="2024-04-25T15:20:12 IST" name="Default test" finished-at="2024-04-25T15:20:33 IST" duration-ms="21020">
      <class name="runner.runner1">
        <test-method is-config="true" signature="setUpClass(org.testng.ITestContext)[pri:0, instance:runner.runner1@235ecd9f]" started-at="2024-04-25T15:20:12 IST" name="setUpClass" finished-at="2024-04-25T15:20:13 IST" duration-ms="914" status="PASS">
          <params>
            <param index="0">
              <value>
                <![CDATA[org.testng.TestRunner@10f7918f]]>
              </value>
            </param>
          </params>
          <reporter-output>
          </reporter-output>
        </test-method> <!-- setUpClass -->
        <test-method signature="runScenario(io.cucumber.testng.PickleWrapper,io.cucumber.testng.FeatureWrapper)[pri:0, instance:runner.runner1@235ecd9f]" started-at="2024-04-25T15:20:13 IST" name="runScenario" description="Runs Cucumber Scenarios" data-provider="scenarios" finished-at="2024-04-25T15:20:31 IST" duration-ms="18108" status="PASS">
          <params>
            <param index="0">
              <value>
                <![CDATA["Accessing Phone App"]]>
              </value>
            </param>
            <param index="1">
              <value>
                <![CDATA["Unknown"]]>
              </value>
            </param>
          </params>
          <reporter-output>
          </reporter-output>
        </test-method> <!-- runScenario -->
        <test-method is-config="true" signature="tearDownClass()[pri:0, instance:runner.runner1@235ecd9f]" started-at="2024-04-25T15:20:31 IST" name="tearDownClass" finished-at="2024-04-25T15:20:33 IST" duration-ms="1915" status="PASS">
          <reporter-output>
          </reporter-output>
        </test-method> <!-- tearDownClass -->
      </class> <!-- runner.runner1 -->
    </test> <!-- Default test -->
  </suite> <!-- Default suite -->
</testng-results>
