<?xml version="1.0" encoding="UTF-8"?>
<testng-results ignored="0" total="1" passed="1" failed="0" skipped="0">
  <reporter-output>
  </reporter-output>
  <suite started-at="2023-12-15T18:47:53 IST" name="Default suite" finished-at="2023-12-15T18:48:05 IST" duration-ms="11283">
    <groups>
      <group name="cucumber">
        <method signature="AbstractTestNGCucumberTests.runScenario(io.cucumber.testng.PickleWrapper,io.cucumber.testng.FeatureWrapper)[pri:0, instance:runner.Runner@792b749c]" name="runScenario" class="io.cucumber.testng.AbstractTestNGCucumberTests"/>
      </group> <!-- cucumber -->
    </groups>
    <test started-at="2023-12-15T18:47:53 IST" name="Default test" finished-at="2023-12-15T18:48:05 IST" duration-ms="11283">
      <class name="runner.Runner">
        <test-method is-config="true" signature="setUpClass(org.testng.ITestContext)[pri:0, instance:runner.Runner@792b749c]" started-at="2023-12-15T18:47:53 IST" name="setUpClass" finished-at="2023-12-15T18:47:54 IST" duration-ms="364" status="PASS">
          <params>
            <param index="0">
              <value>
                <![CDATA[org.testng.TestRunner@60325987]]>
              </value>
            </param>
          </params>
          <reporter-output>
          </reporter-output>
        </test-method> <!-- setUpClass -->
        <test-method signature="runScenario(io.cucumber.testng.PickleWrapper,io.cucumber.testng.FeatureWrapper)[pri:0, instance:runner.Runner@792b749c]" started-at="2023-12-15T18:47:54 IST" name="runScenario" description="Runs Cucumber Scenarios" data-provider="scenarios" finished-at="2023-12-15T18:48:05 IST" duration-ms="10844" status="PASS">
          <params>
            <param index="0">
              <value>
                <![CDATA["Negative Login"]]>
              </value>
            </param>
            <param index="1">
              <value>
                <![CDATA["Login to the leaftaps Application"]]>
              </value>
            </param>
          </params>
          <reporter-output>
          </reporter-output>
        </test-method> <!-- runScenario -->
        <test-method is-config="true" signature="tearDownClass()[pri:0, instance:runner.Runner@792b749c]" started-at="2023-12-15T18:48:05 IST" name="tearDownClass" finished-at="2023-12-15T18:48:05 IST" duration-ms="8" status="PASS">
          <reporter-output>
          </reporter-output>
        </test-method> <!-- tearDownClass -->
      </class> <!-- runner.Runner -->
    </test> <!-- Default test -->
  </suite> <!-- Default suite -->
</testng-results>
